[23:05:18] [main/INFO]: Loading Minecraft 1.20.4 with Fabric Loader 0.15.11
[23:05:18] [main/INFO]: Loading 15 mods:
	- fabricloader 0.15.11
	   \-- mixinextras 0.3.5
	- iris 1.7.0+mc1.20.4
	   |-- fabric-api-base 0.4.36+78d798af4f
	   |-- fabric-key-binding-api-v1 1.0.41+78d798af4f
	   |-- io_github_douira_glsl-transformer 2.0.0-pre13
	   |-- org_anarres_jcpp 1.4.14
	   \-- org_antlr_antlr4-runtime 4.11.1
	- java 17
	- minecraft 1.20.4
	- sodium 0.5.8+mc1.20.4
	   |-- fabric-block-view-api-v2 1.0.4+78d798af4f
	   |-- fabric-rendering-data-attachment-v1 0.3.42+73761d2e4f
	   |-- fabric-rendering-fluids-v1 3.0.33+78d798af4f
	   \-- fabric-resource-loader-v0 0.11.17+707e4d1b4f
[23:05:19] [main/INFO]: SpongePowered MIXIN Subsystem Version=0.8.5 Source=file:/C:/Users/kim/AppData/Roaming/.minecraft/libraries/net/fabricmc/sponge-mixin/0.13.3+mixin.0.8.5/sponge-mixin-0.13.3+mixin.0.8.5.jar Service=Knot/Fabric Env=CLIENT
[23:05:19] [main/INFO]: Compatibility level set to JAVA_17
[23:05:20] [main/INFO]: Loaded configuration file for Sodium: 42 options available, 3 override(s) found
[23:05:20] [main/WARN]: Force-disabling mixin 'features.render.entity.CuboidMixin' as rule 'mixin.features.render.entity' (added by mods [iris]) disables it and children
[23:05:20] [main/WARN]: Force-disabling mixin 'features.render.entity.ModelPartMixin' as rule 'mixin.features.render.entity' (added by mods [iris]) disables it and children
[23:05:20] [main/WARN]: Force-disabling mixin 'features.render.entity.cull.EntityRendererMixin' as rule 'mixin.features.render.entity' (added by mods [iris]) disables it and children
[23:05:20] [main/WARN]: Force-disabling mixin 'features.render.entity.shadows.EntityRenderDispatcherMixin' as rule 'mixin.features.render.entity' (added by mods [iris]) disables it and children
[23:05:20] [main/WARN]: Force-disabling mixin 'features.render.gui.font.GlyphRendererMixin' as rule 'mixin.features.render.gui.font' (added by mods [iris]) disables it and children
[23:05:20] [main/WARN]: Force-disabling mixin 'features.render.world.sky.BackgroundRendererMixin' as rule 'mixin.features.render.world.sky' (added by mods [iris]) disables it and children
[23:05:20] [main/WARN]: Force-disabling mixin 'features.render.world.sky.ClientWorldMixin' as rule 'mixin.features.render.world.sky' (added by mods [iris]) disables it and children
[23:05:20] [main/WARN]: Force-disabling mixin 'features.render.world.sky.WorldRendererMixin' as rule 'mixin.features.render.world.sky' (added by mods [iris]) disables it and children
[23:05:20] [main/INFO]: Searching for graphics cards...
[23:05:21] [main/INFO]: Found graphics card: GraphicsAdapterInfo[vendor=NVIDIA, name=NVIDIA GeForce RTX 2070, version=DriverVersion=31.0.15.5186]
[23:05:21] [main/WARN]: Sodium has applied one or more workarounds to prevent crashes or other issues on your system: [NVIDIA_THREADED_OPTIMIZATIONS]
[23:05:21] [main/WARN]: This is not necessarily an issue, but it may result in certain features or optimizations being disabled. You can sometimes fix these issues by upgrading your graphics driver.
[23:05:21] [main/INFO]: Initializing MixinExtras via com.llamalad7.mixinextras.service.MixinExtrasServiceImpl(version=0.3.5).
[23:05:26] [Datafixer Bootstrap/INFO]: 198 Datafixer optimizations took 148 milliseconds
[23:05:29] [Render thread/INFO]: Environment: Environment[sessionHost=https://sessionserver.mojang.com, servicesHost=https://api.minecraftservices.com, name=PROD]
[23:05:29] [Render thread/INFO]: Setting user: H_S__
[23:05:29] [Render thread/INFO]: Backend library: LWJGL version 3.3.2-snapshot
[23:05:30] [Render thread/WARN]: Applying workaround: Prevent the NVIDIA OpenGL driver from using broken optimizations (NVIDIA_THREADED_OPTIMIZATIONS)
[23:05:30] [ForkJoinPool.commonPool-worker-1/WARN]: [Iris Update Check] This version doesn't have an update index, skipping.
[23:05:30] [Render thread/INFO]: OpenGL Vendor: NVIDIA Corporation
[23:05:30] [Render thread/INFO]: OpenGL Renderer: NVIDIA GeForce RTX 2070/PCIe/SSE2
[23:05:30] [Render thread/INFO]: OpenGL Version: 3.2.0 NVIDIA 551.86
[23:05:30] [Render thread/INFO]: Debug functionality is disabled.
[23:05:30] [Render thread/INFO]: ARB_direct_state_access detected, enabling DSA.
[23:05:31] [Render thread/WARN]: Tried to get boolean value for unknown option: 1, defaulting to true!
[23:05:31] [Render thread/INFO]: Profile: Custom (+1 option changed by user)
[23:05:31] [Render thread/INFO]: Using shaderpack: Sildur's Vibrant Shaders v1.51 Extreme-VL.zip
[23:05:31] [Render thread/INFO]: Hardware information:
[23:05:31] [Render thread/INFO]: CPU: 16x AMD Ryzen 7 3700X 8-Core Processor 
[23:05:31] [Render thread/INFO]: GPU: NVIDIA GeForce RTX 2070/PCIe/SSE2 (Supports OpenGL 3.2.0 NVIDIA 551.86)
[23:05:31] [Render thread/INFO]: OS: Windows 10 (10.0)
[23:05:32] [Render thread/INFO]: Reloading ResourceManager: vanilla, fabric, fabric-api-base, fabric-block-view-api-v2, fabric-key-binding-api-v1, fabric-rendering-data-attachment-v1, fabric-rendering-fluids-v1, fabric-resource-loader-v0, fabricloader, iris, sodium, file/3D-Noteblock-Displays-1.19.3-V2.3.zip, file/MyMinimalArmor-Resource-Pack-16x-1.20.zip
[23:05:32] [Worker-Main-12/INFO]: Found unifont_all_no_pua-15.1.04.hex, loading
[23:05:34] [Render thread/WARN]: Missing sound for event: minecraft:item.goat_horn.play
[23:05:34] [Render thread/WARN]: Missing sound for event: minecraft:entity.goat.screaming.horn_break
[23:05:34] [Render thread/WARN]: Missing sound for event: minecraft:entity.generic.wind_burst
[23:05:35] [Render thread/INFO]: OpenAL initialized on device OpenAL Soft on Speakers(Realtek(R) Audio)
[23:05:35] [Render thread/INFO]: Sound engine started
[23:05:35] [Render thread/INFO]: Created: 2048x2048x4 minecraft:textures/atlas/blocks.png-atlas
[23:05:35] [Render thread/INFO]: Created: 256x256x4 minecraft:textures/atlas/signs.png-atlas
[23:05:35] [Render thread/INFO]: Created: 512x512x4 minecraft:textures/atlas/shield_patterns.png-atlas
[23:05:35] [Render thread/INFO]: Created: 512x512x4 minecraft:textures/atlas/banner_patterns.png-atlas
[23:05:35] [Render thread/INFO]: Created: 1024x1024x4 minecraft:textures/atlas/armor_trims.png-atlas
[23:05:35] [Render thread/INFO]: Created: 128x64x4 minecraft:textures/atlas/decorated_pot.png-atlas
[23:05:35] [Render thread/INFO]: Created: 256x256x4 minecraft:textures/atlas/chest.png-atlas
[23:05:35] [Render thread/INFO]: Created: 512x256x4 minecraft:textures/atlas/shulker_boxes.png-atlas
[23:05:35] [Render thread/INFO]: Created: 512x256x4 minecraft:textures/atlas/beds.png-atlas
[23:05:35] [Render thread/WARN]: Shader rendertype_entity_translucent_emissive could not find sampler named Sampler2 in the specified shader program.
[23:05:35] [Render thread/INFO]: Created: 512x256x0 minecraft:textures/atlas/particles.png-atlas
[23:05:35] [Render thread/INFO]: Created: 256x256x0 minecraft:textures/atlas/paintings.png-atlas
[23:05:35] [Render thread/INFO]: Created: 128x128x0 minecraft:textures/atlas/mob_effects.png-atlas
[23:05:35] [Render thread/INFO]: Created: 1024x512x0 minecraft:textures/atlas/gui.png-atlas
[23:05:35] [Render thread/INFO]: Creating pipeline for dimension NamespacedId{namespace='minecraft', name='overworld'}
[23:05:36] [Render thread/INFO]: Starting custom uniform resolving
[23:05:36] [Render thread/WARN]: Failed to resolve uniform inSwamp, reason: Unknown variable: BIOME_SWAMP_HILLS ( = FunctionCall{smooth {[Number{1}, FunctionCall{if {[FunctionCall{in {[Id{biome}, Number{6}, Id{BIOME_SWAMP_HILLS}]} }, Number{1}, Number{0}]} }, Number{5}]} })
java.lang.RuntimeException: Unknown variable: BIOME_SWAMP_HILLS
	at kroppeb.stareval.resolver.ExpressionResolver.resolveExpressionInternal(ExpressionResolver.java:220) ~[iris-1.7.0+mc1.20.4.jar:?]
	at kroppeb.stareval.resolver.ExpressionResolver.resolveCallExpressionInternal(ExpressionResolver.java:81) ~[iris-1.7.0+mc1.20.4.jar:?]
	at kroppeb.stareval.resolver.ExpressionResolver.resolveCallExpression(ExpressionResolver.java:140) ~[iris-1.7.0+mc1.20.4.jar:?]
	at kroppeb.stareval.resolver.ExpressionResolver.resolveExpressionInternal(ExpressionResolver.java:194) ~[iris-1.7.0+mc1.20.4.jar:?]
	at kroppeb.stareval.resolver.ExpressionResolver.resolveCallExpressionInternal(ExpressionResolver.java:81) ~[iris-1.7.0+mc1.20.4.jar:?]
	at kroppeb.stareval.resolver.ExpressionResolver.resolveCallExpression(ExpressionResolver.java:140) ~[iris-1.7.0+mc1.20.4.jar:?]
	at kroppeb.stareval.resolver.ExpressionResolver.resolveCallExpression(ExpressionResolver.java:127) ~[iris-1.7.0+mc1.20.4.jar:?]
	at kroppeb.stareval.resolver.ExpressionResolver.resolveExpressionInternal(ExpressionResolver.java:194) ~[iris-1.7.0+mc1.20.4.jar:?]
	at kroppeb.stareval.resolver.ExpressionResolver.resolveCallExpressionInternal(ExpressionResolver.java:81) ~[iris-1.7.0+mc1.20.4.jar:?]
	at kroppeb.stareval.resolver.ExpressionResolver.resolveCallExpression(ExpressionResolver.java:140) ~[iris-1.7.0+mc1.20.4.jar:?]
	at kroppeb.stareval.resolver.ExpressionResolver.resolveExpressionInternal(ExpressionResolver.java:194) ~[iris-1.7.0+mc1.20.4.jar:?]
	at kroppeb.stareval.resolver.ExpressionResolver.resolveExpression(ExpressionResolver.java:50) ~[iris-1.7.0+mc1.20.4.jar:?]
	at net.irisshaders.iris.uniforms.custom.CustomUniforms.<init>(CustomUniforms.java:62) ~[iris-1.7.0+mc1.20.4.jar:?]
	at net.irisshaders.iris.uniforms.custom.CustomUniforms$Builder.build(CustomUniforms.java:334) ~[iris-1.7.0+mc1.20.4.jar:?]
	at net.irisshaders.iris.uniforms.custom.CustomUniforms$Builder.build(CustomUniforms.java:345) ~[iris-1.7.0+mc1.20.4.jar:?]
	at net.irisshaders.iris.pipeline.IrisRenderingPipeline.<init>(IrisRenderingPipeline.java:261) ~[iris-1.7.0+mc1.20.4.jar:?]
	at net.irisshaders.iris.Iris.createPipeline(Iris.java:580) ~[iris-1.7.0+mc1.20.4.jar:?]
	at net.irisshaders.iris.pipeline.PipelineManager.preparePipeline(PipelineManager.java:33) ~[iris-1.7.0+mc1.20.4.jar:?]
	at net.irisshaders.iris.Iris.onLoadingComplete(Iris.java:138) ~[iris-1.7.0+mc1.20.4.jar:?]
	at net.minecraft.class_442.handler$zdb000$iris$firstInit(class_442.java:523) ~[client-intermediary.jar:?]
	at net.minecraft.class_442.method_25426(class_442.java:156) ~[client-intermediary.jar:?]
	at net.minecraft.class_437.method_25423(class_437.java:298) ~[client-intermediary.jar:?]
	at net.minecraft.class_310.method_1507(class_310.java:1187) ~[client-intermediary.jar:?]
	at net.minecraft.class_310.method_53528(class_310.java:746) ~[client-intermediary.jar:?]
	at net.minecraft.class_310.method_51736(class_310.java:731) ~[client-intermediary.jar:?]
	at net.minecraft.class_310.method_53465(class_310.java:720) ~[client-intermediary.jar:?]
	at net.minecraft.class_310.method_29338(class_310.java:710) ~[client-intermediary.jar:?]
	at net.minecraft.class_156.method_17974(class_156.java:517) ~[client-intermediary.jar:?]
	at net.minecraft.class_310.method_53522(class_310.java:705) ~[client-intermediary.jar:?]
	at net.minecraft.class_425.method_25394(class_425.java:149) ~[client-intermediary.jar:?]
	at net.minecraft.class_757.method_3192(class_757.java:920) ~[client-intermediary.jar:?]
	at net.minecraft.class_310.method_1523(class_310.java:1327) ~[client-intermediary.jar:?]
	at net.minecraft.class_310.method_1514(class_310.java:888) ~[client-intermediary.jar:?]
	at net.minecraft.client.main.Main.main(Main.java:265) ~[iris-fabric-loader-0.15.11-1.20.4.jar:?]
	at net.fabricmc.loader.impl.game.minecraft.MinecraftGameProvider.launch(MinecraftGameProvider.java:470) ~[fabric-loader-0.15.11.jar:?]
	at net.fabricmc.loader.impl.launch.knot.Knot.launch(Knot.java:74) ~[fabric-loader-0.15.11.jar:?]
	at net.fabricmc.loader.impl.launch.knot.KnotClient.main(KnotClient.java:23) ~[fabric-loader-0.15.11.jar:?]
[23:05:37] [Render thread/WARN]: [Patcher] gl_FragColor is not supported yet, please use gl_FragData! Assuming that the shaderpack author intended to use gl_FragData[0]...
[23:05:37] [Render thread/WARN]: Patched fract(worldpos.y + 0.001) to fract(worldpos.y + 0.01) to fix waving water disconnecting from other water blocks; See https://github.com/IrisShaders/Iris/issues/509
[23:05:37] [Render thread/WARN]: Patched fract(worldpos.y + 0.001) to fract(worldpos.y + 0.01) to fix waving water disconnecting from other water blocks; See https://github.com/IrisShaders/Iris/issues/509
[23:05:37] [Render thread/WARN]: Patched fract(worldpos.y + 0.001) to fract(worldpos.y + 0.01) to fix waving water disconnecting from other water blocks; See https://github.com/IrisShaders/Iris/issues/509
[23:05:38] [Render thread/WARN]: Patched fract(worldpos.y + 0.001) to fract(worldpos.y + 0.01) to fix waving water disconnecting from other water blocks; See https://github.com/IrisShaders/Iris/issues/509
[23:06:05] [Render thread/INFO]: Connecting to localhost, 25565
[23:06:07] [Render thread/INFO]: Reloading pipeline on dimension change: NamespacedId{namespace='minecraft', name='overworld'} => NamespacedId{namespace='minecraft', name='hack'}
[23:06:07] [Render thread/INFO]: Destroying pipeline NamespacedId{namespace='minecraft', name='overworld'}
[23:06:07] [Render thread/INFO]: Creating pipeline for dimension NamespacedId{namespace='minecraft', name='hack'}
[23:06:07] [Render thread/INFO]: Starting custom uniform resolving
[23:06:07] [Render thread/WARN]: Failed to resolve uniform inSwamp, reason: Unknown variable: BIOME_SWAMP_HILLS ( = FunctionCall{smooth {[Number{1}, FunctionCall{if {[FunctionCall{in {[Id{biome}, Number{6}, Id{BIOME_SWAMP_HILLS}]} }, Number{1}, Number{0}]} }, Number{5}]} })
java.lang.RuntimeException: Unknown variable: BIOME_SWAMP_HILLS
	at kroppeb.stareval.resolver.ExpressionResolver.resolveExpressionInternal(ExpressionResolver.java:220) ~[iris-1.7.0+mc1.20.4.jar:?]
	at kroppeb.stareval.resolver.ExpressionResolver.resolveCallExpressionInternal(ExpressionResolver.java:81) ~[iris-1.7.0+mc1.20.4.jar:?]
	at kroppeb.stareval.resolver.ExpressionResolver.resolveCallExpression(ExpressionResolver.java:140) ~[iris-1.7.0+mc1.20.4.jar:?]
	at kroppeb.stareval.resolver.ExpressionResolver.resolveExpressionInternal(ExpressionResolver.java:194) ~[iris-1.7.0+mc1.20.4.jar:?]
	at kroppeb.stareval.resolver.ExpressionResolver.resolveCallExpressionInternal(ExpressionResolver.java:81) ~[iris-1.7.0+mc1.20.4.jar:?]
	at kroppeb.stareval.resolver.ExpressionResolver.resolveCallExpression(ExpressionResolver.java:140) ~[iris-1.7.0+mc1.20.4.jar:?]
	at kroppeb.stareval.resolver.ExpressionResolver.resolveCallExpression(ExpressionResolver.java:127) ~[iris-1.7.0+mc1.20.4.jar:?]
	at kroppeb.stareval.resolver.ExpressionResolver.resolveExpressionInternal(ExpressionResolver.java:194) ~[iris-1.7.0+mc1.20.4.jar:?]
	at kroppeb.stareval.resolver.ExpressionResolver.resolveCallExpressionInternal(ExpressionResolver.java:81) ~[iris-1.7.0+mc1.20.4.jar:?]
	at kroppeb.stareval.resolver.ExpressionResolver.resolveCallExpression(ExpressionResolver.java:140) ~[iris-1.7.0+mc1.20.4.jar:?]
	at kroppeb.stareval.resolver.ExpressionResolver.resolveExpressionInternal(ExpressionResolver.java:194) ~[iris-1.7.0+mc1.20.4.jar:?]
	at kroppeb.stareval.resolver.ExpressionResolver.resolveExpression(ExpressionResolver.java:50) ~[iris-1.7.0+mc1.20.4.jar:?]
	at net.irisshaders.iris.uniforms.custom.CustomUniforms.<init>(CustomUniforms.java:62) ~[iris-1.7.0+mc1.20.4.jar:?]
	at net.irisshaders.iris.uniforms.custom.CustomUniforms$Builder.build(CustomUniforms.java:334) ~[iris-1.7.0+mc1.20.4.jar:?]
	at net.irisshaders.iris.uniforms.custom.CustomUniforms$Builder.build(CustomUniforms.java:345) ~[iris-1.7.0+mc1.20.4.jar:?]
	at net.irisshaders.iris.pipeline.IrisRenderingPipeline.<init>(IrisRenderingPipeline.java:261) ~[iris-1.7.0+mc1.20.4.jar:?]
	at net.irisshaders.iris.Iris.createPipeline(Iris.java:580) ~[iris-1.7.0+mc1.20.4.jar:?]
	at net.irisshaders.iris.pipeline.PipelineManager.preparePipeline(PipelineManager.java:33) ~[iris-1.7.0+mc1.20.4.jar:?]
	at net.minecraft.class_310.handler$zcf000$iris$resetPipeline(class_310.java:4298) ~[client-intermediary.jar:?]
	at net.minecraft.class_310.method_18097(class_310.java) ~[client-intermediary.jar:?]
	at net.minecraft.class_310.method_1481(class_310.java:2257) ~[client-intermediary.jar:?]
	at net.minecraft.class_634.method_11120(class_634.java:414) ~[client-intermediary.jar:?]
	at net.minecraft.class_2678.method_11567(class_2678.java:57) ~[client-intermediary.jar:?]
	at net.minecraft.class_2678.method_11054(class_2678.java:14) ~[client-intermediary.jar:?]
	at net.minecraft.class_2600.method_11072(class_2600.java:24) ~[client-intermediary.jar:?]
	at net.minecraft.class_1255.method_18859(class_1255.java:156) ~[client-intermediary.jar:?]
	at net.minecraft.class_4093.method_18859(class_4093.java:23) ~[client-intermediary.jar:?]
	at net.minecraft.class_1255.method_16075(class_1255.java:130) ~[client-intermediary.jar:?]
	at net.minecraft.class_1255.method_5383(class_1255.java:115) ~[client-intermediary.jar:?]
	at net.minecraft.class_310.method_1523(class_310.java:1283) ~[client-intermediary.jar:?]
	at net.minecraft.class_310.method_1514(class_310.java:888) ~[client-intermediary.jar:?]
	at net.minecraft.client.main.Main.main(Main.java:265) ~[iris-fabric-loader-0.15.11-1.20.4.jar:?]
	at net.fabricmc.loader.impl.game.minecraft.MinecraftGameProvider.launch(MinecraftGameProvider.java:470) ~[fabric-loader-0.15.11.jar:?]
	at net.fabricmc.loader.impl.launch.knot.Knot.launch(Knot.java:74) ~[fabric-loader-0.15.11.jar:?]
	at net.fabricmc.loader.impl.launch.knot.KnotClient.main(KnotClient.java:23) ~[fabric-loader-0.15.11.jar:?]
[23:06:07] [Render thread/WARN]: [Patcher] gl_FragColor is not supported yet, please use gl_FragData! Assuming that the shaderpack author intended to use gl_FragData[0]...
[23:06:07] [Render thread/WARN]: Patched fract(worldpos.y + 0.001) to fract(worldpos.y + 0.01) to fix waving water disconnecting from other water blocks; See https://github.com/IrisShaders/Iris/issues/509
[23:06:07] [Render thread/WARN]: Patched fract(worldpos.y + 0.001) to fract(worldpos.y + 0.01) to fix waving water disconnecting from other water blocks; See https://github.com/IrisShaders/Iris/issues/509
[23:06:07] [Render thread/WARN]: Patched fract(worldpos.y + 0.001) to fract(worldpos.y + 0.01) to fix waving water disconnecting from other water blocks; See https://github.com/IrisShaders/Iris/issues/509
[23:06:08] [Render thread/WARN]: Patched fract(worldpos.y + 0.001) to fract(worldpos.y + 0.01) to fix waving water disconnecting from other water blocks; See https://github.com/IrisShaders/Iris/issues/509
[23:06:08] [Render thread/INFO]: Started 10 worker threads
[23:06:09] [Render thread/INFO]: [System] [CHAT] [KAKC] 환영합니다! 한글 자동변환을 사용하신다면 /kakc changemod 1을 입력해주세요!
[23:06:09] [Render thread/INFO]: Reloading pipeline on dimension change: NamespacedId{namespace='minecraft', name='hack'} => NamespacedId{namespace='minecraft', name='voidspawn'}
[23:06:09] [Render thread/INFO]: Destroying pipeline NamespacedId{namespace='minecraft', name='hack'}
[23:06:09] [Render thread/INFO]: Creating pipeline for dimension NamespacedId{namespace='minecraft', name='voidspawn'}
[23:06:09] [Render thread/INFO]: Starting custom uniform resolving
[23:06:09] [Render thread/WARN]: Failed to resolve uniform inSwamp, reason: Unknown variable: BIOME_SWAMP_HILLS ( = FunctionCall{smooth {[Number{1}, FunctionCall{if {[FunctionCall{in {[Id{biome}, Number{6}, Id{BIOME_SWAMP_HILLS}]} }, Number{1}, Number{0}]} }, Number{5}]} })
java.lang.RuntimeException: Unknown variable: BIOME_SWAMP_HILLS
	at kroppeb.stareval.resolver.ExpressionResolver.resolveExpressionInternal(ExpressionResolver.java:220) ~[iris-1.7.0+mc1.20.4.jar:?]
	at kroppeb.stareval.resolver.ExpressionResolver.resolveCallExpressionInternal(ExpressionResolver.java:81) ~[iris-1.7.0+mc1.20.4.jar:?]
	at kroppeb.stareval.resolver.ExpressionResolver.resolveCallExpression(ExpressionResolver.java:140) ~[iris-1.7.0+mc1.20.4.jar:?]
	at kroppeb.stareval.resolver.ExpressionResolver.resolveExpressionInternal(ExpressionResolver.java:194) ~[iris-1.7.0+mc1.20.4.jar:?]
	at kroppeb.stareval.resolver.ExpressionResolver.resolveCallExpressionInternal(ExpressionResolver.java:81) ~[iris-1.7.0+mc1.20.4.jar:?]
	at kroppeb.stareval.resolver.ExpressionResolver.resolveCallExpression(ExpressionResolver.java:140) ~[iris-1.7.0+mc1.20.4.jar:?]
	at kroppeb.stareval.resolver.ExpressionResolver.resolveCallExpression(ExpressionResolver.java:127) ~[iris-1.7.0+mc1.20.4.jar:?]
	at kroppeb.stareval.resolver.ExpressionResolver.resolveExpressionInternal(ExpressionResolver.java:194) ~[iris-1.7.0+mc1.20.4.jar:?]
	at kroppeb.stareval.resolver.ExpressionResolver.resolveCallExpressionInternal(ExpressionResolver.java:81) ~[iris-1.7.0+mc1.20.4.jar:?]
	at kroppeb.stareval.resolver.ExpressionResolver.resolveCallExpression(ExpressionResolver.java:140) ~[iris-1.7.0+mc1.20.4.jar:?]
	at kroppeb.stareval.resolver.ExpressionResolver.resolveExpressionInternal(ExpressionResolver.java:194) ~[iris-1.7.0+mc1.20.4.jar:?]
	at kroppeb.stareval.resolver.ExpressionResolver.resolveExpression(ExpressionResolver.java:50) ~[iris-1.7.0+mc1.20.4.jar:?]
	at net.irisshaders.iris.uniforms.custom.CustomUniforms.<init>(CustomUniforms.java:62) ~[iris-1.7.0+mc1.20.4.jar:?]
	at net.irisshaders.iris.uniforms.custom.CustomUniforms$Builder.build(CustomUniforms.java:334) ~[iris-1.7.0+mc1.20.4.jar:?]
	at net.irisshaders.iris.uniforms.custom.CustomUniforms$Builder.build(CustomUniforms.java:345) ~[iris-1.7.0+mc1.20.4.jar:?]
	at net.irisshaders.iris.pipeline.IrisRenderingPipeline.<init>(IrisRenderingPipeline.java:261) ~[iris-1.7.0+mc1.20.4.jar:?]
	at net.irisshaders.iris.Iris.createPipeline(Iris.java:580) ~[iris-1.7.0+mc1.20.4.jar:?]
	at net.irisshaders.iris.pipeline.PipelineManager.preparePipeline(PipelineManager.java:33) ~[iris-1.7.0+mc1.20.4.jar:?]
	at net.minecraft.class_310.handler$zcf000$iris$resetPipeline(class_310.java:4298) ~[client-intermediary.jar:?]
	at net.minecraft.class_310.method_18097(class_310.java) ~[client-intermediary.jar:?]
	at net.minecraft.class_310.method_1481(class_310.java:2257) ~[client-intermediary.jar:?]
	at net.minecraft.class_634.method_11117(class_634.java:1102) ~[client-intermediary.jar:?]
	at net.minecraft.class_2724.method_11782(class_2724.java:31) ~[client-intermediary.jar:?]
	at net.minecraft.class_2724.method_11054(class_2724.java:7) ~[client-intermediary.jar:?]
	at net.minecraft.class_2600.method_11072(class_2600.java:24) ~[client-intermediary.jar:?]
	at net.minecraft.class_1255.method_18859(class_1255.java:156) ~[client-intermediary.jar:?]
	at net.minecraft.class_4093.method_18859(class_4093.java:23) ~[client-intermediary.jar:?]
	at net.minecraft.class_1255.method_16075(class_1255.java:130) ~[client-intermediary.jar:?]
	at net.minecraft.class_1255.method_5383(class_1255.java:115) ~[client-intermediary.jar:?]
	at net.minecraft.class_310.method_1523(class_310.java:1283) ~[client-intermediary.jar:?]
	at net.minecraft.class_310.method_1514(class_310.java:888) ~[client-intermediary.jar:?]
	at net.minecraft.client.main.Main.main(Main.java:265) ~[iris-fabric-loader-0.15.11-1.20.4.jar:?]
	at net.fabricmc.loader.impl.game.minecraft.MinecraftGameProvider.launch(MinecraftGameProvider.java:470) ~[fabric-loader-0.15.11.jar:?]
	at net.fabricmc.loader.impl.launch.knot.Knot.launch(Knot.java:74) ~[fabric-loader-0.15.11.jar:?]
	at net.fabricmc.loader.impl.launch.knot.KnotClient.main(KnotClient.java:23) ~[fabric-loader-0.15.11.jar:?]
[23:06:09] [Render thread/WARN]: [Patcher] gl_FragColor is not supported yet, please use gl_FragData! Assuming that the shaderpack author intended to use gl_FragData[0]...
[23:06:09] [Render thread/WARN]: Patched fract(worldpos.y + 0.001) to fract(worldpos.y + 0.01) to fix waving water disconnecting from other water blocks; See https://github.com/IrisShaders/Iris/issues/509
[23:06:09] [Render thread/WARN]: Patched fract(worldpos.y + 0.001) to fract(worldpos.y + 0.01) to fix waving water disconnecting from other water blocks; See https://github.com/IrisShaders/Iris/issues/509
[23:06:09] [Render thread/WARN]: Patched fract(worldpos.y + 0.001) to fract(worldpos.y + 0.01) to fix waving water disconnecting from other water blocks; See https://github.com/IrisShaders/Iris/issues/509
[23:06:09] [Render thread/WARN]: Patched fract(worldpos.y + 0.001) to fract(worldpos.y + 0.01) to fix waving water disconnecting from other water blocks; See https://github.com/IrisShaders/Iris/issues/509
[23:06:09] [Render thread/INFO]: Stopping worker threads
[23:06:09] [Render thread/INFO]: Started 10 worker threads
[23:06:09] [Render thread/INFO]: Stopping worker threads
[23:06:09] [Render thread/INFO]: Started 10 worker threads
[23:06:09] [Render thread/INFO]: [System] [CHAT]  ! 철괴를 우클릭하여 월드를 선택해주세요 !
[23:06:09] [Render thread/INFO]: [System] [CHAT] [Server: Removed H_S__ from any team]
[23:06:09] [Render thread/INFO]: [System] [CHAT]  → H_S__ 님이 접속함
[23:06:09] [Render thread/INFO]: [System] [CHAT] [Skript] A new version of Skript is available: 2.8.6 (you're currently running 2.8.5)
[23:06:09] [Render thread/INFO]: [System] [CHAT] Download it at: https://github.com/SkriptLang/Skript/releases/download/2.8.6/Skript-2.8.6.jar
[23:06:09] [Render thread/INFO]: Loaded 1398 advancements
[23:06:09] [Render thread/WARN]: Patched fract(worldpos.y + 0.001) to fract(worldpos.y + 0.01) to fix waving water disconnecting from other water blocks; See https://github.com/IrisShaders/Iris/issues/509
[23:06:09] [Render thread/WARN]: Patched fract(worldpos.y + 0.001) to fract(worldpos.y + 0.01) to fix waving water disconnecting from other water blocks; See https://github.com/IrisShaders/Iris/issues/509
[23:06:09] [Render thread/WARN]: Patched fract(worldpos.y + 0.001) to fract(worldpos.y + 0.01) to fix waving water disconnecting from other water blocks; See https://github.com/IrisShaders/Iris/issues/509
[23:06:09] [Render thread/WARN]: Shader clouds could not find uniform named ModelViewMat in the specified shader program.
[23:06:09] [Render thread/WARN]: Shader clouds could not find uniform named ProjMat in the specified shader program.
[23:06:09] [Render thread/WARN]: Shader clouds could not find uniform named ColorModulator in the specified shader program.
[23:06:09] [Render thread/WARN]: Shader clouds could not find uniform named FogStart in the specified shader program.
[23:06:09] [Render thread/WARN]: Shader clouds could not find uniform named FogEnd in the specified shader program.
[23:06:09] [Render thread/WARN]: Shader clouds could not find uniform named FogColor in the specified shader program.
[23:06:15] [Render thread/INFO]: [System] [CHAT] DiscordSRV is disabled: your bot token is invalid.
[23:06:15] [Render thread/INFO]: [System] [CHAT] Please enter a valid token into your config.yml (/plugins/DiscordSRV/config.yml) and restart your server to get DiscordSRV to work.
[23:08:02] [Render thread/INFO]: Stopping!
[23:08:02] [Render thread/INFO]: Stopping worker threads
